23-Apr-2025 13:16:02.687 INFO [main] org.apache.catalina.startup.VersionLoggerListener.log Server version name:   Apache Tomcat/9.0.104
23-Apr-2025 13:16:02.692 INFO [main] org.apache.catalina.startup.VersionLoggerListener.log Server built:          Apr 4 2025 12:32:55 UTC
23-Apr-2025 13:16:02.692 INFO [main] org.apache.catalina.startup.VersionLoggerListener.log Server version number: 9.0.104.0
23-Apr-2025 13:16:02.692 INFO [main] org.apache.catalina.startup.VersionLoggerListener.log OS Name:               Windows 11
23-Apr-2025 13:16:02.693 INFO [main] org.apache.catalina.startup.VersionLoggerListener.log OS Version:            10.0
23-Apr-2025 13:16:02.693 INFO [main] org.apache.catalina.startup.VersionLoggerListener.log Architecture:          amd64
23-Apr-2025 13:16:02.694 INFO [main] org.apache.catalina.startup.VersionLoggerListener.log Java Home:             C:\Program Files\Java\jdk-24
23-Apr-2025 13:16:02.694 INFO [main] org.apache.catalina.startup.VersionLoggerListener.log JVM Version:           24.0.1+9-30
23-Apr-2025 13:16:02.694 INFO [main] org.apache.catalina.startup.VersionLoggerListener.log JVM Vendor:            Oracle Corporation
23-Apr-2025 13:16:02.695 INFO [main] org.apache.catalina.startup.VersionLoggerListener.log CATALINA_BASE:         C:\Users\User\Downloads\apache-tomcat-9.0.104
23-Apr-2025 13:16:02.695 INFO [main] org.apache.catalina.startup.VersionLoggerListener.log CATALINA_HOME:         C:\Users\User\Downloads\apache-tomcat-9.0.104
23-Apr-2025 13:16:02.724 INFO [main] org.apache.catalina.startup.VersionLoggerListener.log Command line argument: --add-opens=java.base/java.lang=ALL-UNNAMED
23-Apr-2025 13:16:02.725 INFO [main] org.apache.catalina.startup.VersionLoggerListener.log Command line argument: --add-opens=java.base/java.lang.invoke=ALL-UNNAMED
23-Apr-2025 13:16:02.725 INFO [main] org.apache.catalina.startup.VersionLoggerListener.log Command line argument: --add-opens=java.base/java.lang.reflect=ALL-UNNAMED
23-Apr-2025 13:16:02.726 INFO [main] org.apache.catalina.startup.VersionLoggerListener.log Command line argument: --add-opens=java.base/java.io=ALL-UNNAMED
23-Apr-2025 13:16:02.726 INFO [main] org.apache.catalina.startup.VersionLoggerListener.log Command line argument: --add-opens=java.base/java.util=ALL-UNNAMED
23-Apr-2025 13:16:02.726 INFO [main] org.apache.catalina.startup.VersionLoggerListener.log Command line argument: --add-opens=java.base/java.util.concurrent=ALL-UNNAMED
23-Apr-2025 13:16:02.727 INFO [main] org.apache.catalina.startup.VersionLoggerListener.log Command line argument: --add-opens=java.rmi/sun.rmi.transport=ALL-UNNAMED
23-Apr-2025 13:16:02.727 INFO [main] org.apache.catalina.startup.VersionLoggerListener.log Command line argument: -Djava.util.logging.config.file=C:\Users\User\Downloads\apache-tomcat-9.0.104\conf\logging.properties
23-Apr-2025 13:16:02.727 INFO [main] org.apache.catalina.startup.VersionLoggerListener.log Command line argument: -Djava.util.logging.manager=org.apache.juli.ClassLoaderLogManager
23-Apr-2025 13:16:02.728 INFO [main] org.apache.catalina.startup.VersionLoggerListener.log Command line argument: -Djdk.tls.ephemeralDHKeySize=2048
23-Apr-2025 13:16:02.728 INFO [main] org.apache.catalina.startup.VersionLoggerListener.log Command line argument: -Djava.protocol.handler.pkgs=org.apache.catalina.webresources
23-Apr-2025 13:16:02.729 INFO [main] org.apache.catalina.startup.VersionLoggerListener.log Command line argument: -Dsun.io.useCanonCaches=false
23-Apr-2025 13:16:02.729 INFO [main] org.apache.catalina.startup.VersionLoggerListener.log Command line argument: -Dignore.endorsed.dirs=
23-Apr-2025 13:16:02.729 INFO [main] org.apache.catalina.startup.VersionLoggerListener.log Command line argument: -Dcatalina.base=C:\Users\User\Downloads\apache-tomcat-9.0.104
23-Apr-2025 13:16:02.729 INFO [main] org.apache.catalina.startup.VersionLoggerListener.log Command line argument: -Dcatalina.home=C:\Users\User\Downloads\apache-tomcat-9.0.104
23-Apr-2025 13:16:02.730 INFO [main] org.apache.catalina.startup.VersionLoggerListener.log Command line argument: -Djava.io.tmpdir=C:\Users\User\Downloads\apache-tomcat-9.0.104\temp
23-Apr-2025 13:16:02.745 INFO [main] org.apache.catalina.core.AprLifecycleListener.lifecycleEvent Loaded Apache Tomcat Native library [1.3.1] using APR version [1.7.4].
23-Apr-2025 13:16:02.745 INFO [main] org.apache.catalina.core.AprLifecycleListener.lifecycleEvent APR capabilities: IPv6 [true], sendfile [true], accept filters [false], random [true], UDS [true].
23-Apr-2025 13:16:02.746 INFO [main] org.apache.catalina.core.AprLifecycleListener.lifecycleEvent APR/OpenSSL configuration: useAprConnector [false], useOpenSSL [true]
23-Apr-2025 13:16:02.762 INFO [main] org.apache.catalina.core.AprLifecycleListener.initializeSSL OpenSSL successfully initialized [OpenSSL 3.0.14 4 Jun 2024]
23-Apr-2025 13:16:03.376 INFO [main] org.apache.coyote.AbstractProtocol.init Initializing ProtocolHandler ["http-nio-8080"]
23-Apr-2025 13:16:03.431 INFO [main] org.apache.catalina.startup.Catalina.load Server initialization in [1299] milliseconds
23-Apr-2025 13:16:03.537 INFO [main] org.apache.catalina.core.StandardService.startInternal Starting service [Catalina]
23-Apr-2025 13:16:03.538 INFO [main] org.apache.catalina.core.StandardEngine.startInternal Starting Servlet engine: [Apache Tomcat/9.0.104]
23-Apr-2025 13:16:03.560 INFO [main] org.apache.catalina.startup.HostConfig.deployDirectory Deploying web application directory [C:\Users\User\Downloads\apache-tomcat-9.0.104\webapps\BudgetTracker]
23-Apr-2025 13:16:04.347 INFO [main] org.apache.catalina.startup.HostConfig.deployDirectory Deployment of web application directory [C:\Users\User\Downloads\apache-tomcat-9.0.104\webapps\BudgetTracker] has finished in [785] ms
23-Apr-2025 13:16:04.349 INFO [main] org.apache.catalina.startup.HostConfig.deployDirectory Deploying web application directory [C:\Users\User\Downloads\apache-tomcat-9.0.104\webapps\docs]
23-Apr-2025 13:16:04.460 INFO [main] org.apache.catalina.startup.HostConfig.deployDirectory Deployment of web application directory [C:\Users\User\Downloads\apache-tomcat-9.0.104\webapps\docs] has finished in [112] ms
23-Apr-2025 13:16:04.461 INFO [main] org.apache.catalina.startup.HostConfig.deployDirectory Deploying web application directory [C:\Users\User\Downloads\apache-tomcat-9.0.104\webapps\examples]
23-Apr-2025 13:16:05.420 INFO [main] org.apache.catalina.startup.HostConfig.deployDirectory Deployment of web application directory [C:\Users\User\Downloads\apache-tomcat-9.0.104\webapps\examples] has finished in [959] ms
23-Apr-2025 13:16:05.421 INFO [main] org.apache.catalina.startup.HostConfig.deployDirectory Deploying web application directory [C:\Users\User\Downloads\apache-tomcat-9.0.104\webapps\host-manager]
23-Apr-2025 13:16:05.510 INFO [main] org.apache.catalina.startup.HostConfig.deployDirectory Deployment of web application directory [C:\Users\User\Downloads\apache-tomcat-9.0.104\webapps\host-manager] has finished in [88] ms
23-Apr-2025 13:16:05.510 INFO [main] org.apache.catalina.startup.HostConfig.deployDirectory Deploying web application directory [C:\Users\User\Downloads\apache-tomcat-9.0.104\webapps\manager]
23-Apr-2025 13:16:05.589 INFO [main] org.apache.catalina.startup.HostConfig.deployDirectory Deployment of web application directory [C:\Users\User\Downloads\apache-tomcat-9.0.104\webapps\manager] has finished in [79] ms
23-Apr-2025 13:16:05.589 INFO [main] org.apache.catalina.startup.HostConfig.deployDirectory Deploying web application directory [C:\Users\User\Downloads\apache-tomcat-9.0.104\webapps\ROOT]
23-Apr-2025 13:16:05.644 INFO [main] org.apache.catalina.startup.HostConfig.deployDirectory Deployment of web application directory [C:\Users\User\Downloads\apache-tomcat-9.0.104\webapps\ROOT] has finished in [54] ms
23-Apr-2025 13:16:05.652 INFO [main] org.apache.coyote.AbstractProtocol.start Starting ProtocolHandler ["http-nio-8080"]
23-Apr-2025 13:16:05.705 INFO [main] org.apache.catalina.startup.Catalina.start Server startup in [2270] milliseconds
23-Apr-2025 13:23:08.248 INFO [main] org.apache.catalina.core.StandardServer.await A valid shutdown command was received via the shutdown port. Stopping the Server instance.
23-Apr-2025 13:23:08.249 INFO [main] org.apache.coyote.AbstractProtocol.pause Pausing ProtocolHandler ["http-nio-8080"]
23-Apr-2025 13:23:08.266 INFO [main] org.apache.catalina.core.StandardService.stopInternal Stopping service [Catalina]
23-Apr-2025 13:23:08.352 INFO [main] org.apache.coyote.AbstractProtocol.stop Stopping ProtocolHandler ["http-nio-8080"]
23-Apr-2025 13:23:08.370 INFO [main] org.apache.coyote.AbstractProtocol.destroy Destroying ProtocolHandler ["http-nio-8080"]
23-Apr-2025 13:23:14.224 INFO [main] org.apache.catalina.startup.VersionLoggerListener.log Server version name:   Apache Tomcat/9.0.104
23-Apr-2025 13:23:14.229 INFO [main] org.apache.catalina.startup.VersionLoggerListener.log Server built:          Apr 4 2025 12:32:55 UTC
23-Apr-2025 13:23:14.230 INFO [main] org.apache.catalina.startup.VersionLoggerListener.log Server version number: 9.0.104.0
23-Apr-2025 13:23:14.231 INFO [main] org.apache.catalina.startup.VersionLoggerListener.log OS Name:               Windows 11
23-Apr-2025 13:23:14.231 INFO [main] org.apache.catalina.startup.VersionLoggerListener.log OS Version:            10.0
23-Apr-2025 13:23:14.231 INFO [main] org.apache.catalina.startup.VersionLoggerListener.log Architecture:          amd64
23-Apr-2025 13:23:14.232 INFO [main] org.apache.catalina.startup.VersionLoggerListener.log Java Home:             C:\Program Files\Java\jdk-24
23-Apr-2025 13:23:14.232 INFO [main] org.apache.catalina.startup.VersionLoggerListener.log JVM Version:           24.0.1+9-30
23-Apr-2025 13:23:14.232 INFO [main] org.apache.catalina.startup.VersionLoggerListener.log JVM Vendor:            Oracle Corporation
23-Apr-2025 13:23:14.234 INFO [main] org.apache.catalina.startup.VersionLoggerListener.log CATALINA_BASE:         C:\Users\User\Downloads\apache-tomcat-9.0.104
23-Apr-2025 13:23:14.234 INFO [main] org.apache.catalina.startup.VersionLoggerListener.log CATALINA_HOME:         C:\Users\User\Downloads\apache-tomcat-9.0.104
23-Apr-2025 13:23:14.256 INFO [main] org.apache.catalina.startup.VersionLoggerListener.log Command line argument: --add-opens=java.base/java.lang=ALL-UNNAMED
23-Apr-2025 13:23:14.257 INFO [main] org.apache.catalina.startup.VersionLoggerListener.log Command line argument: --add-opens=java.base/java.lang.invoke=ALL-UNNAMED
23-Apr-2025 13:23:14.257 INFO [main] org.apache.catalina.startup.VersionLoggerListener.log Command line argument: --add-opens=java.base/java.lang.reflect=ALL-UNNAMED
23-Apr-2025 13:23:14.258 INFO [main] org.apache.catalina.startup.VersionLoggerListener.log Command line argument: --add-opens=java.base/java.io=ALL-UNNAMED
23-Apr-2025 13:23:14.258 INFO [main] org.apache.catalina.startup.VersionLoggerListener.log Command line argument: --add-opens=java.base/java.util=ALL-UNNAMED
23-Apr-2025 13:23:14.258 INFO [main] org.apache.catalina.startup.VersionLoggerListener.log Command line argument: --add-opens=java.base/java.util.concurrent=ALL-UNNAMED
23-Apr-2025 13:23:14.259 INFO [main] org.apache.catalina.startup.VersionLoggerListener.log Command line argument: --add-opens=java.rmi/sun.rmi.transport=ALL-UNNAMED
23-Apr-2025 13:23:14.259 INFO [main] org.apache.catalina.startup.VersionLoggerListener.log Command line argument: -Djava.util.logging.config.file=C:\Users\User\Downloads\apache-tomcat-9.0.104\conf\logging.properties
23-Apr-2025 13:23:14.260 INFO [main] org.apache.catalina.startup.VersionLoggerListener.log Command line argument: -Djava.util.logging.manager=org.apache.juli.ClassLoaderLogManager
23-Apr-2025 13:23:14.260 INFO [main] org.apache.catalina.startup.VersionLoggerListener.log Command line argument: -Djdk.tls.ephemeralDHKeySize=2048
23-Apr-2025 13:23:14.261 INFO [main] org.apache.catalina.startup.VersionLoggerListener.log Command line argument: -Djava.protocol.handler.pkgs=org.apache.catalina.webresources
23-Apr-2025 13:23:14.261 INFO [main] org.apache.catalina.startup.VersionLoggerListener.log Command line argument: -Dsun.io.useCanonCaches=false
23-Apr-2025 13:23:14.261 INFO [main] org.apache.catalina.startup.VersionLoggerListener.log Command line argument: -Dignore.endorsed.dirs=
23-Apr-2025 13:23:14.263 INFO [main] org.apache.catalina.startup.VersionLoggerListener.log Command line argument: -Dcatalina.base=C:\Users\User\Downloads\apache-tomcat-9.0.104
23-Apr-2025 13:23:14.263 INFO [main] org.apache.catalina.startup.VersionLoggerListener.log Command line argument: -Dcatalina.home=C:\Users\User\Downloads\apache-tomcat-9.0.104
23-Apr-2025 13:23:14.263 INFO [main] org.apache.catalina.startup.VersionLoggerListener.log Command line argument: -Djava.io.tmpdir=C:\Users\User\Downloads\apache-tomcat-9.0.104\temp
23-Apr-2025 13:23:14.273 INFO [main] org.apache.catalina.core.AprLifecycleListener.lifecycleEvent Loaded Apache Tomcat Native library [1.3.1] using APR version [1.7.4].
23-Apr-2025 13:23:14.274 INFO [main] org.apache.catalina.core.AprLifecycleListener.lifecycleEvent APR capabilities: IPv6 [true], sendfile [true], accept filters [false], random [true], UDS [true].
23-Apr-2025 13:23:14.274 INFO [main] org.apache.catalina.core.AprLifecycleListener.lifecycleEvent APR/OpenSSL configuration: useAprConnector [false], useOpenSSL [true]
23-Apr-2025 13:23:14.291 INFO [main] org.apache.catalina.core.AprLifecycleListener.initializeSSL OpenSSL successfully initialized [OpenSSL 3.0.14 4 Jun 2024]
23-Apr-2025 13:23:14.941 INFO [main] org.apache.coyote.AbstractProtocol.init Initializing ProtocolHandler ["http-nio-8080"]
23-Apr-2025 13:23:14.979 INFO [main] org.apache.catalina.startup.Catalina.load Server initialization in [1172] milliseconds
23-Apr-2025 13:23:15.061 INFO [main] org.apache.catalina.core.StandardService.startInternal Starting service [Catalina]
23-Apr-2025 13:23:15.062 INFO [main] org.apache.catalina.core.StandardEngine.startInternal Starting Servlet engine: [Apache Tomcat/9.0.104]
23-Apr-2025 13:23:15.078 INFO [main] org.apache.catalina.startup.HostConfig.deployDirectory Deploying web application directory [C:\Users\User\Downloads\apache-tomcat-9.0.104\webapps\BudgetTracker]
23-Apr-2025 13:23:16.399 INFO [main] org.apache.jasper.servlet.TldScanner.scanJars At least one JAR was scanned for TLDs yet contained no TLDs. Enable debug logging for this logger for a complete list of JARs that were scanned but no TLDs were found in them. Skipping unneeded JARs during scanning can improve startup time and JSP compilation time.
23-Apr-2025 13:23:16.512 INFO [main] org.apache.catalina.startup.HostConfig.deployDirectory Deployment of web application directory [C:\Users\User\Downloads\apache-tomcat-9.0.104\webapps\BudgetTracker] has finished in [1,431] ms
23-Apr-2025 13:23:16.512 INFO [main] org.apache.catalina.startup.HostConfig.deployDirectory Deploying web application directory [C:\Users\User\Downloads\apache-tomcat-9.0.104\webapps\docs]
23-Apr-2025 13:23:17.204 INFO [main] org.apache.jasper.servlet.TldScanner.scanJars At least one JAR was scanned for TLDs yet contained no TLDs. Enable debug logging for this logger for a complete list of JARs that were scanned but no TLDs were found in them. Skipping unneeded JARs during scanning can improve startup time and JSP compilation time.
23-Apr-2025 13:23:17.212 INFO [main] org.apache.catalina.startup.HostConfig.deployDirectory Deployment of web application directory [C:\Users\User\Downloads\apache-tomcat-9.0.104\webapps\docs] has finished in [700] ms
23-Apr-2025 13:23:17.213 INFO [main] org.apache.catalina.startup.HostConfig.deployDirectory Deploying web application directory [C:\Users\User\Downloads\apache-tomcat-9.0.104\webapps\examples]
23-Apr-2025 13:23:18.553 INFO [main] org.apache.jasper.servlet.TldScanner.scanJars At least one JAR was scanned for TLDs yet contained no TLDs. Enable debug logging for this logger for a complete list of JARs that were scanned but no TLDs were found in them. Skipping unneeded JARs during scanning can improve startup time and JSP compilation time.
23-Apr-2025 13:23:18.685 INFO [main] org.apache.catalina.startup.HostConfig.deployDirectory Deployment of web application directory [C:\Users\User\Downloads\apache-tomcat-9.0.104\webapps\examples] has finished in [1,472] ms
23-Apr-2025 13:23:18.686 INFO [main] org.apache.catalina.startup.HostConfig.deployDirectory Deploying web application directory [C:\Users\User\Downloads\apache-tomcat-9.0.104\webapps\host-manager]
23-Apr-2025 13:23:19.160 INFO [main] org.apache.jasper.servlet.TldScanner.scanJars At least one JAR was scanned for TLDs yet contained no TLDs. Enable debug logging for this logger for a complete list of JARs that were scanned but no TLDs were found in them. Skipping unneeded JARs during scanning can improve startup time and JSP compilation time.
23-Apr-2025 13:23:19.187 INFO [main] org.apache.catalina.startup.HostConfig.deployDirectory Deployment of web application directory [C:\Users\User\Downloads\apache-tomcat-9.0.104\webapps\host-manager] has finished in [501] ms
23-Apr-2025 13:23:19.189 INFO [main] org.apache.catalina.startup.HostConfig.deployDirectory Deploying web application directory [C:\Users\User\Downloads\apache-tomcat-9.0.104\webapps\manager]
23-Apr-2025 13:23:19.662 INFO [main] org.apache.jasper.servlet.TldScanner.scanJars At least one JAR was scanned for TLDs yet contained no TLDs. Enable debug logging for this logger for a complete list of JARs that were scanned but no TLDs were found in them. Skipping unneeded JARs during scanning can improve startup time and JSP compilation time.
23-Apr-2025 13:23:19.668 INFO [main] org.apache.catalina.startup.HostConfig.deployDirectory Deployment of web application directory [C:\Users\User\Downloads\apache-tomcat-9.0.104\webapps\manager] has finished in [478] ms
23-Apr-2025 13:23:19.668 INFO [main] org.apache.catalina.startup.HostConfig.deployDirectory Deploying web application directory [C:\Users\User\Downloads\apache-tomcat-9.0.104\webapps\ROOT]
23-Apr-2025 13:23:20.131 INFO [main] org.apache.jasper.servlet.TldScanner.scanJars At least one JAR was scanned for TLDs yet contained no TLDs. Enable debug logging for this logger for a complete list of JARs that were scanned but no TLDs were found in them. Skipping unneeded JARs during scanning can improve startup time and JSP compilation time.
23-Apr-2025 13:23:20.139 INFO [main] org.apache.catalina.startup.HostConfig.deployDirectory Deployment of web application directory [C:\Users\User\Downloads\apache-tomcat-9.0.104\webapps\ROOT] has finished in [470] ms
23-Apr-2025 13:23:20.145 INFO [main] org.apache.coyote.AbstractProtocol.start Starting ProtocolHandler ["http-nio-8080"]
23-Apr-2025 13:23:20.203 INFO [main] org.apache.catalina.startup.Catalina.start Server startup in [5220] milliseconds
23-Apr-2025 13:31:15.763 INFO [main] org.apache.catalina.core.StandardServer.await A valid shutdown command was received via the shutdown port. Stopping the Server instance.
23-Apr-2025 13:31:15.765 INFO [main] org.apache.coyote.AbstractProtocol.pause Pausing ProtocolHandler ["http-nio-8080"]
23-Apr-2025 13:31:15.785 INFO [main] org.apache.catalina.core.StandardService.stopInternal Stopping service [Catalina]
23-Apr-2025 13:31:15.910 INFO [main] org.apache.coyote.AbstractProtocol.stop Stopping ProtocolHandler ["http-nio-8080"]
23-Apr-2025 13:31:15.923 INFO [main] org.apache.coyote.AbstractProtocol.destroy Destroying ProtocolHandler ["http-nio-8080"]
23-Apr-2025 13:31:30.230 INFO [main] org.apache.catalina.startup.VersionLoggerListener.log Server version name:   Apache Tomcat/9.0.104
23-Apr-2025 13:31:30.235 INFO [main] org.apache.catalina.startup.VersionLoggerListener.log Server built:          Apr 4 2025 12:32:55 UTC
23-Apr-2025 13:31:30.236 INFO [main] org.apache.catalina.startup.VersionLoggerListener.log Server version number: 9.0.104.0
23-Apr-2025 13:31:30.236 INFO [main] org.apache.catalina.startup.VersionLoggerListener.log OS Name:               Windows 11
23-Apr-2025 13:31:30.237 INFO [main] org.apache.catalina.startup.VersionLoggerListener.log OS Version:            10.0
23-Apr-2025 13:31:30.237 INFO [main] org.apache.catalina.startup.VersionLoggerListener.log Architecture:          amd64
23-Apr-2025 13:31:30.238 INFO [main] org.apache.catalina.startup.VersionLoggerListener.log Java Home:             C:\Program Files\Java\jdk-24
23-Apr-2025 13:31:30.238 INFO [main] org.apache.catalina.startup.VersionLoggerListener.log JVM Version:           24.0.1+9-30
23-Apr-2025 13:31:30.239 INFO [main] org.apache.catalina.startup.VersionLoggerListener.log JVM Vendor:            Oracle Corporation
23-Apr-2025 13:31:30.239 INFO [main] org.apache.catalina.startup.VersionLoggerListener.log CATALINA_BASE:         C:\Users\User\Downloads\apache-tomcat-9.0.104
23-Apr-2025 13:31:30.240 INFO [main] org.apache.catalina.startup.VersionLoggerListener.log CATALINA_HOME:         C:\Users\User\Downloads\apache-tomcat-9.0.104
23-Apr-2025 13:31:30.263 INFO [main] org.apache.catalina.startup.VersionLoggerListener.log Command line argument: --add-opens=java.base/java.lang=ALL-UNNAMED
23-Apr-2025 13:31:30.264 INFO [main] org.apache.catalina.startup.VersionLoggerListener.log Command line argument: --add-opens=java.base/java.lang.invoke=ALL-UNNAMED
23-Apr-2025 13:31:30.265 INFO [main] org.apache.catalina.startup.VersionLoggerListener.log Command line argument: --add-opens=java.base/java.lang.reflect=ALL-UNNAMED
23-Apr-2025 13:31:30.265 INFO [main] org.apache.catalina.startup.VersionLoggerListener.log Command line argument: --add-opens=java.base/java.io=ALL-UNNAMED
23-Apr-2025 13:31:30.265 INFO [main] org.apache.catalina.startup.VersionLoggerListener.log Command line argument: --add-opens=java.base/java.util=ALL-UNNAMED
23-Apr-2025 13:31:30.266 INFO [main] org.apache.catalina.startup.VersionLoggerListener.log Command line argument: --add-opens=java.base/java.util.concurrent=ALL-UNNAMED
23-Apr-2025 13:31:30.266 INFO [main] org.apache.catalina.startup.VersionLoggerListener.log Command line argument: --add-opens=java.rmi/sun.rmi.transport=ALL-UNNAMED
23-Apr-2025 13:31:30.266 INFO [main] org.apache.catalina.startup.VersionLoggerListener.log Command line argument: -Djava.util.logging.config.file=C:\Users\User\Downloads\apache-tomcat-9.0.104\conf\logging.properties
23-Apr-2025 13:31:30.267 INFO [main] org.apache.catalina.startup.VersionLoggerListener.log Command line argument: -Djava.util.logging.manager=org.apache.juli.ClassLoaderLogManager
23-Apr-2025 13:31:30.267 INFO [main] org.apache.catalina.startup.VersionLoggerListener.log Command line argument: -Djdk.tls.ephemeralDHKeySize=2048
23-Apr-2025 13:31:30.268 INFO [main] org.apache.catalina.startup.VersionLoggerListener.log Command line argument: -Djava.protocol.handler.pkgs=org.apache.catalina.webresources
23-Apr-2025 13:31:30.268 INFO [main] org.apache.catalina.startup.VersionLoggerListener.log Command line argument: -Dsun.io.useCanonCaches=false
23-Apr-2025 13:31:30.269 INFO [main] org.apache.catalina.startup.VersionLoggerListener.log Command line argument: -Dignore.endorsed.dirs=
23-Apr-2025 13:31:30.269 INFO [main] org.apache.catalina.startup.VersionLoggerListener.log Command line argument: -Dcatalina.base=C:\Users\User\Downloads\apache-tomcat-9.0.104
23-Apr-2025 13:31:30.269 INFO [main] org.apache.catalina.startup.VersionLoggerListener.log Command line argument: -Dcatalina.home=C:\Users\User\Downloads\apache-tomcat-9.0.104
23-Apr-2025 13:31:30.270 INFO [main] org.apache.catalina.startup.VersionLoggerListener.log Command line argument: -Djava.io.tmpdir=C:\Users\User\Downloads\apache-tomcat-9.0.104\temp
23-Apr-2025 13:31:30.281 INFO [main] org.apache.catalina.core.AprLifecycleListener.lifecycleEvent Loaded Apache Tomcat Native library [1.3.1] using APR version [1.7.4].
23-Apr-2025 13:31:30.281 INFO [main] org.apache.catalina.core.AprLifecycleListener.lifecycleEvent APR capabilities: IPv6 [true], sendfile [true], accept filters [false], random [true], UDS [true].
23-Apr-2025 13:31:30.282 INFO [main] org.apache.catalina.core.AprLifecycleListener.lifecycleEvent APR/OpenSSL configuration: useAprConnector [false], useOpenSSL [true]
23-Apr-2025 13:31:30.298 INFO [main] org.apache.catalina.core.AprLifecycleListener.initializeSSL OpenSSL successfully initialized [OpenSSL 3.0.14 4 Jun 2024]
23-Apr-2025 13:31:30.960 INFO [main] org.apache.coyote.AbstractProtocol.init Initializing ProtocolHandler ["http-nio-8080"]
23-Apr-2025 13:31:31.004 INFO [main] org.apache.catalina.startup.Catalina.load Server initialization in [1156] milliseconds
23-Apr-2025 13:31:31.090 INFO [main] org.apache.catalina.core.StandardService.startInternal Starting service [Catalina]
23-Apr-2025 13:31:31.090 INFO [main] org.apache.catalina.core.StandardEngine.startInternal Starting Servlet engine: [Apache Tomcat/9.0.104]
23-Apr-2025 13:31:31.105 INFO [main] org.apache.catalina.startup.HostConfig.deployDirectory Deploying web application directory [C:\Users\User\Downloads\apache-tomcat-9.0.104\webapps\BudgetTracker]
23-Apr-2025 13:31:32.280 INFO [main] org.apache.jasper.servlet.TldScanner.scanJars At least one JAR was scanned for TLDs yet contained no TLDs. Enable debug logging for this logger for a complete list of JARs that were scanned but no TLDs were found in them. Skipping unneeded JARs during scanning can improve startup time and JSP compilation time.
23-Apr-2025 13:31:32.399 INFO [main] org.apache.catalina.startup.HostConfig.deployDirectory Deployment of web application directory [C:\Users\User\Downloads\apache-tomcat-9.0.104\webapps\BudgetTracker] has finished in [1,292] ms
23-Apr-2025 13:31:32.399 INFO [main] org.apache.catalina.startup.HostConfig.deployDirectory Deploying web application directory [C:\Users\User\Downloads\apache-tomcat-9.0.104\webapps\docs]
23-Apr-2025 13:31:32.931 INFO [main] org.apache.jasper.servlet.TldScanner.scanJars At least one JAR was scanned for TLDs yet contained no TLDs. Enable debug logging for this logger for a complete list of JARs that were scanned but no TLDs were found in them. Skipping unneeded JARs during scanning can improve startup time and JSP compilation time.
23-Apr-2025 13:31:32.939 INFO [main] org.apache.catalina.startup.HostConfig.deployDirectory Deployment of web application directory [C:\Users\User\Downloads\apache-tomcat-9.0.104\webapps\docs] has finished in [540] ms
23-Apr-2025 13:31:32.940 INFO [main] org.apache.catalina.startup.HostConfig.deployDirectory Deploying web application directory [C:\Users\User\Downloads\apache-tomcat-9.0.104\webapps\examples]
23-Apr-2025 13:31:34.105 INFO [main] org.apache.jasper.servlet.TldScanner.scanJars At least one JAR was scanned for TLDs yet contained no TLDs. Enable debug logging for this logger for a complete list of JARs that were scanned but no TLDs were found in them. Skipping unneeded JARs during scanning can improve startup time and JSP compilation time.
23-Apr-2025 13:31:34.252 INFO [main] org.apache.catalina.startup.HostConfig.deployDirectory Deployment of web application directory [C:\Users\User\Downloads\apache-tomcat-9.0.104\webapps\examples] has finished in [1,312] ms
23-Apr-2025 13:31:34.253 INFO [main] org.apache.catalina.startup.HostConfig.deployDirectory Deploying web application directory [C:\Users\User\Downloads\apache-tomcat-9.0.104\webapps\host-manager]
23-Apr-2025 13:31:34.742 INFO [main] org.apache.jasper.servlet.TldScanner.scanJars At least one JAR was scanned for TLDs yet contained no TLDs. Enable debug logging for this logger for a complete list of JARs that were scanned but no TLDs were found in them. Skipping unneeded JARs during scanning can improve startup time and JSP compilation time.
23-Apr-2025 13:31:34.761 INFO [main] org.apache.catalina.startup.HostConfig.deployDirectory Deployment of web application directory [C:\Users\User\Downloads\apache-tomcat-9.0.104\webapps\host-manager] has finished in [508] ms
23-Apr-2025 13:31:34.761 INFO [main] org.apache.catalina.startup.HostConfig.deployDirectory Deploying web application directory [C:\Users\User\Downloads\apache-tomcat-9.0.104\webapps\manager]
23-Apr-2025 13:31:35.182 INFO [main] org.apache.jasper.servlet.TldScanner.scanJars At least one JAR was scanned for TLDs yet contained no TLDs. Enable debug logging for this logger for a complete list of JARs that were scanned but no TLDs were found in them. Skipping unneeded JARs during scanning can improve startup time and JSP compilation time.
23-Apr-2025 13:31:35.188 INFO [main] org.apache.catalina.startup.HostConfig.deployDirectory Deployment of web application directory [C:\Users\User\Downloads\apache-tomcat-9.0.104\webapps\manager] has finished in [426] ms
23-Apr-2025 13:31:35.188 INFO [main] org.apache.catalina.startup.HostConfig.deployDirectory Deploying web application directory [C:\Users\User\Downloads\apache-tomcat-9.0.104\webapps\ROOT]
23-Apr-2025 13:31:35.516 INFO [main] org.apache.jasper.servlet.TldScanner.scanJars At least one JAR was scanned for TLDs yet contained no TLDs. Enable debug logging for this logger for a complete list of JARs that were scanned but no TLDs were found in them. Skipping unneeded JARs during scanning can improve startup time and JSP compilation time.
23-Apr-2025 13:31:35.521 INFO [main] org.apache.catalina.startup.HostConfig.deployDirectory Deployment of web application directory [C:\Users\User\Downloads\apache-tomcat-9.0.104\webapps\ROOT] has finished in [333] ms
23-Apr-2025 13:31:35.528 INFO [main] org.apache.coyote.AbstractProtocol.start Starting ProtocolHandler ["http-nio-8080"]
23-Apr-2025 13:31:35.575 INFO [main] org.apache.catalina.startup.Catalina.start Server startup in [4568] milliseconds
23-Apr-2025 13:33:34.948 INFO [main] org.apache.catalina.core.StandardServer.await A valid shutdown command was received via the shutdown port. Stopping the Server instance.
23-Apr-2025 13:33:34.951 INFO [main] org.apache.coyote.AbstractProtocol.pause Pausing ProtocolHandler ["http-nio-8080"]
23-Apr-2025 13:33:34.972 INFO [main] org.apache.catalina.core.StandardService.stopInternal Stopping service [Catalina]
23-Apr-2025 13:33:35.037 INFO [main] org.apache.coyote.AbstractProtocol.stop Stopping ProtocolHandler ["http-nio-8080"]
23-Apr-2025 13:33:35.051 INFO [main] org.apache.coyote.AbstractProtocol.destroy Destroying ProtocolHandler ["http-nio-8080"]
